{"uuid":"c7e64028-8257-4495-bf8f-291edba376c5","historyId":"7cee860f68871bff4d272fce963976f5","fullName":"TestCases.LoginPageTests.bosolochatLoginTest","labels":[{"name":"package","value":"TestCases.LoginPageTests"},{"name":"testClass","value":"TestCases.LoginPageTests"},{"name":"testMethod","value":"bosolochatLoginTest"},{"name":"parentSuite","value":"Default Suite"},{"name":"suite","value":"bosolochat-backend"},{"name":"subSuite","value":"TestCases.LoginPageTests"},{"name":"host","value":"Bens-MacBook-Pro-4.local"},{"name":"thread","value":"64827@Bens-MacBook-Pro-4.local.main(1)"},{"name":"framework","value":"testng"},{"name":"language","value":"java"}],"links":[],"name":"bosolochatLoginTest","status":"broken","statusDetails":{"known":false,"muted":false,"flaky":false,"message":"Error {\n  message='DOMException: Failed to execute 'evaluate' on 'Document': The string '//ul[@class = 'dropdown-menu ani-acc-menu']//child::svg[contains(@text = 'Log Out')]' is not a valid XPath expression.\n    at Object.queryAll (<anonymous>:41:25)\n    at InjectedScript._queryEngineAll (<anonymous>:4859:49)\n    at InjectedScript.querySelectorAll (<anonymous>:4846:30)\n    at eval (eval at evaluate (:226:30), <anonymous>:4:35)\n    at UtilityScript.evaluate (<anonymous>:228:17)\n    at UtilityScript.<anonymous> (<anonymous>:1:44)\n  name='Error\n  stack='Error: DOMException: Failed to execute 'evaluate' on 'Document': The string '//ul[@class = 'dropdown-menu ani-acc-menu']//child::svg[contains(@text = 'Log Out')]' is not a valid XPath expression.\n    at Object.queryAll (<anonymous>:41:25)\n    at InjectedScript._queryEngineAll (<anonymous>:4859:49)\n    at InjectedScript.querySelectorAll (<anonymous>:4846:30)\n    at eval (eval at evaluate (:226:30), <anonymous>:4:35)\n    at UtilityScript.evaluate (<anonymous>:228:17)\n    at UtilityScript.<anonymous> (<anonymous>:1:44)\n    at CRExecutionContext.evaluateWithArguments (/private/var/folders/qq/18w23d8130b9969_3r5m7fj00000gn/T/playwright-java-7165593655152470097/package/lib/server/chromium/crExecutionContext.js:92:33)\n    at async LongStandingScope._race (/private/var/folders/qq/18w23d8130b9969_3r5m7fj00000gn/T/playwright-java-7165593655152470097/package/lib/utils/manualPromise.js:96:14)\n    at async evaluateExpression (/private/var/folders/qq/18w23d8130b9969_3r5m7fj00000gn/T/playwright-java-7165593655152470097/package/lib/server/javascript.js:241:12)\n    at async /private/var/folders/qq/18w23d8130b9969_3r5m7fj00000gn/T/playwright-java-7165593655152470097/package/lib/server/frames.js:941:22\n    at async Frame.retryWithProgressAndTimeouts (/private/var/folders/qq/18w23d8130b9969_3r5m7fj00000gn/T/playwright-java-7165593655152470097/package/lib/server/frames.js:912:24)\n    at async /private/var/folders/qq/18w23d8130b9969_3r5m7fj00000gn/T/playwright-java-7165593655152470097/package/lib/server/frames.js:996:29\n    at async ProgressController.run (/private/var/folders/qq/18w23d8130b9969_3r5m7fj00000gn/T/playwright-java-7165593655152470097/package/lib/server/progress.js:91:22)\n    at async FrameDispatcher.click (/private/var/folders/qq/18w23d8130b9969_3r5m7fj00000gn/T/playwright-java-7165593655152470097/package/lib/server/dispatchers/frameDispatcher.js:152:12)\n    at async LongStandingScope._race (/private/var/folders/qq/18w23d8130b9969_3r5m7fj00000gn/T/playwright-java-7165593655152470097/package/lib/utils/manualPromise.js:96:14)\n    at async FrameDispatcher._handleCommand (/private/var/folders/qq/18w23d8130b9969_3r5m7fj00000gn/T/playwright-java-7165593655152470097/package/lib/server/dispatchers/dispatcher.js:86:14)\n}\nCall log:\n- waiting for locator(\"//ul[@class = 'dropdown-menu ani-acc-menu']//child::svg[contains(@text = 'Log Out')]\")\n","trace":"com.microsoft.playwright.PlaywrightException: Error {\n  message='DOMException: Failed to execute 'evaluate' on 'Document': The string '//ul[@class = 'dropdown-menu ani-acc-menu']//child::svg[contains(@text = 'Log Out')]' is not a valid XPath expression.\n    at Object.queryAll (<anonymous>:41:25)\n    at InjectedScript._queryEngineAll (<anonymous>:4859:49)\n    at InjectedScript.querySelectorAll (<anonymous>:4846:30)\n    at eval (eval at evaluate (:226:30), <anonymous>:4:35)\n    at UtilityScript.evaluate (<anonymous>:228:17)\n    at UtilityScript.<anonymous> (<anonymous>:1:44)\n  name='Error\n  stack='Error: DOMException: Failed to execute 'evaluate' on 'Document': The string '//ul[@class = 'dropdown-menu ani-acc-menu']//child::svg[contains(@text = 'Log Out')]' is not a valid XPath expression.\n    at Object.queryAll (<anonymous>:41:25)\n    at InjectedScript._queryEngineAll (<anonymous>:4859:49)\n    at InjectedScript.querySelectorAll (<anonymous>:4846:30)\n    at eval (eval at evaluate (:226:30), <anonymous>:4:35)\n    at UtilityScript.evaluate (<anonymous>:228:17)\n    at UtilityScript.<anonymous> (<anonymous>:1:44)\n    at CRExecutionContext.evaluateWithArguments (/private/var/folders/qq/18w23d8130b9969_3r5m7fj00000gn/T/playwright-java-7165593655152470097/package/lib/server/chromium/crExecutionContext.js:92:33)\n    at async LongStandingScope._race (/private/var/folders/qq/18w23d8130b9969_3r5m7fj00000gn/T/playwright-java-7165593655152470097/package/lib/utils/manualPromise.js:96:14)\n    at async evaluateExpression (/private/var/folders/qq/18w23d8130b9969_3r5m7fj00000gn/T/playwright-java-7165593655152470097/package/lib/server/javascript.js:241:12)\n    at async /private/var/folders/qq/18w23d8130b9969_3r5m7fj00000gn/T/playwright-java-7165593655152470097/package/lib/server/frames.js:941:22\n    at async Frame.retryWithProgressAndTimeouts (/private/var/folders/qq/18w23d8130b9969_3r5m7fj00000gn/T/playwright-java-7165593655152470097/package/lib/server/frames.js:912:24)\n    at async /private/var/folders/qq/18w23d8130b9969_3r5m7fj00000gn/T/playwright-java-7165593655152470097/package/lib/server/frames.js:996:29\n    at async ProgressController.run (/private/var/folders/qq/18w23d8130b9969_3r5m7fj00000gn/T/playwright-java-7165593655152470097/package/lib/server/progress.js:91:22)\n    at async FrameDispatcher.click (/private/var/folders/qq/18w23d8130b9969_3r5m7fj00000gn/T/playwright-java-7165593655152470097/package/lib/server/dispatchers/frameDispatcher.js:152:12)\n    at async LongStandingScope._race (/private/var/folders/qq/18w23d8130b9969_3r5m7fj00000gn/T/playwright-java-7165593655152470097/package/lib/utils/manualPromise.js:96:14)\n    at async FrameDispatcher._handleCommand (/private/var/folders/qq/18w23d8130b9969_3r5m7fj00000gn/T/playwright-java-7165593655152470097/package/lib/server/dispatchers/dispatcher.js:86:14)\n}\nCall log:\n- waiting for locator(\"//ul[@class = 'dropdown-menu ani-acc-menu']//child::svg[contains(@text = 'Log Out')]\")\n\n\tat com.microsoft.playwright.impl.WaitableResult.get(WaitableResult.java:54)\n\tat com.microsoft.playwright.impl.ChannelOwner.runUntil(ChannelOwner.java:120)\n\tat com.microsoft.playwright.impl.Connection.sendMessage(Connection.java:129)\n\tat com.microsoft.playwright.impl.ChannelOwner.sendMessage(ChannelOwner.java:106)\n\tat com.microsoft.playwright.impl.FrameImpl.clickImpl(FrameImpl.java:252)\n\tat com.microsoft.playwright.impl.FrameImpl.lambda$click$8(FrameImpl.java:243)\n\tat com.microsoft.playwright.impl.LoggingSupport.lambda$withLogging$0(LoggingSupport.java:36)\n\tat com.microsoft.playwright.impl.LoggingSupport.withLogging(LoggingSupport.java:47)\n\tat com.microsoft.playwright.impl.ChannelOwner.withLogging(ChannelOwner.java:89)\n\tat com.microsoft.playwright.impl.LoggingSupport.withLogging(LoggingSupport.java:35)\n\tat com.microsoft.playwright.impl.FrameImpl.click(FrameImpl.java:243)\n\tat com.microsoft.playwright.impl.LocatorImpl.click(LocatorImpl.java:140)\n\tat com.microsoft.playwright.Locator.click(Locator.java:2348)\n\tat LocatorsAndActions.HomePage.HomePageActions.clickLogoutBtn(HomePageActions.java:17)\n\tat TestCases.LoginPageTests.bosolochatLoginTest(LoginPageTests.java:60)\n\tat java.base/jdk.internal.reflect.DirectMethodHandleAccessor.invoke(DirectMethodHandleAccessor.java:104)\n\tat java.base/java.lang.reflect.Method.invoke(Method.java:577)\n\tat org.testng.internal.invokers.MethodInvocationHelper.invokeMethod(MethodInvocationHelper.java:139)\n\tat org.testng.internal.invokers.TestInvoker.invokeMethod(TestInvoker.java:664)\n\tat org.testng.internal.invokers.TestInvoker.invokeTestMethod(TestInvoker.java:228)\n\tat org.testng.internal.invokers.MethodRunner.runInSequence(MethodRunner.java:63)\n\tat org.testng.internal.invokers.TestInvoker$MethodInvocationAgent.invoke(TestInvoker.java:961)\n\tat org.testng.internal.invokers.TestInvoker.invokeTestMethods(TestInvoker.java:201)\n\tat org.testng.internal.invokers.TestMethodWorker.invokeTestMethods(TestMethodWorker.java:148)\n\tat org.testng.internal.invokers.TestMethodWorker.run(TestMethodWorker.java:128)\n\tat java.base/java.util.ArrayList.forEach(ArrayList.java:1511)\n\tat org.testng.TestRunner.privateRun(TestRunner.java:819)\n\tat org.testng.TestRunner.run(TestRunner.java:619)\n\tat org.testng.SuiteRunner.runTest(SuiteRunner.java:443)\n\tat org.testng.SuiteRunner.runSequentially(SuiteRunner.java:437)\n\tat org.testng.SuiteRunner.privateRun(SuiteRunner.java:397)\n\tat org.testng.SuiteRunner.run(SuiteRunner.java:336)\n\tat org.testng.SuiteRunnerWorker.runSuite(SuiteRunnerWorker.java:52)\n\tat org.testng.SuiteRunnerWorker.run(SuiteRunnerWorker.java:95)\n\tat org.testng.TestNG.runSuitesSequentially(TestNG.java:1301)\n\tat org.testng.TestNG.runSuitesLocally(TestNG.java:1228)\n\tat org.testng.TestNG.runSuites(TestNG.java:1134)\n\tat org.testng.TestNG.run(TestNG.java:1101)\n\tat com.intellij.rt.testng.IDEARemoteTestNG.run(IDEARemoteTestNG.java:65)\n\tat com.intellij.rt.testng.RemoteTestNGStarter.main(RemoteTestNGStarter.java:105)\nCaused by: com.microsoft.playwright.impl.DriverException: Error {\n  message='DOMException: Failed to execute 'evaluate' on 'Document': The string '//ul[@class = 'dropdown-menu ani-acc-menu']//child::svg[contains(@text = 'Log Out')]' is not a valid XPath expression.\n    at Object.queryAll (<anonymous>:41:25)\n    at InjectedScript._queryEngineAll (<anonymous>:4859:49)\n    at InjectedScript.querySelectorAll (<anonymous>:4846:30)\n    at eval (eval at evaluate (:226:30), <anonymous>:4:35)\n    at UtilityScript.evaluate (<anonymous>:228:17)\n    at UtilityScript.<anonymous> (<anonymous>:1:44)\n  name='Error\n  stack='Error: DOMException: Failed to execute 'evaluate' on 'Document': The string '//ul[@class = 'dropdown-menu ani-acc-menu']//child::svg[contains(@text = 'Log Out')]' is not a valid XPath expression.\n    at Object.queryAll (<anonymous>:41:25)\n    at InjectedScript._queryEngineAll (<anonymous>:4859:49)\n    at InjectedScript.querySelectorAll (<anonymous>:4846:30)\n    at eval (eval at evaluate (:226:30), <anonymous>:4:35)\n    at UtilityScript.evaluate (<anonymous>:228:17)\n    at UtilityScript.<anonymous> (<anonymous>:1:44)\n    at CRExecutionContext.evaluateWithArguments (/private/var/folders/qq/18w23d8130b9969_3r5m7fj00000gn/T/playwright-java-7165593655152470097/package/lib/server/chromium/crExecutionContext.js:92:33)\n    at async LongStandingScope._race (/private/var/folders/qq/18w23d8130b9969_3r5m7fj00000gn/T/playwright-java-7165593655152470097/package/lib/utils/manualPromise.js:96:14)\n    at async evaluateExpression (/private/var/folders/qq/18w23d8130b9969_3r5m7fj00000gn/T/playwright-java-7165593655152470097/package/lib/server/javascript.js:241:12)\n    at async /private/var/folders/qq/18w23d8130b9969_3r5m7fj00000gn/T/playwright-java-7165593655152470097/package/lib/server/frames.js:941:22\n    at async Frame.retryWithProgressAndTimeouts (/private/var/folders/qq/18w23d8130b9969_3r5m7fj00000gn/T/playwright-java-7165593655152470097/package/lib/server/frames.js:912:24)\n    at async /private/var/folders/qq/18w23d8130b9969_3r5m7fj00000gn/T/playwright-java-7165593655152470097/package/lib/server/frames.js:996:29\n    at async ProgressController.run (/private/var/folders/qq/18w23d8130b9969_3r5m7fj00000gn/T/playwright-java-7165593655152470097/package/lib/server/progress.js:91:22)\n    at async FrameDispatcher.click (/private/var/folders/qq/18w23d8130b9969_3r5m7fj00000gn/T/playwright-java-7165593655152470097/package/lib/server/dispatchers/frameDispatcher.js:152:12)\n    at async LongStandingScope._race (/private/var/folders/qq/18w23d8130b9969_3r5m7fj00000gn/T/playwright-java-7165593655152470097/package/lib/utils/manualPromise.js:96:14)\n    at async FrameDispatcher._handleCommand (/private/var/folders/qq/18w23d8130b9969_3r5m7fj00000gn/T/playwright-java-7165593655152470097/package/lib/server/dispatchers/dispatcher.js:86:14)\n}\nCall log:\n- waiting for locator(\"//ul[@class = 'dropdown-menu ani-acc-menu']//child::svg[contains(@text = 'Log Out')]\")\n\n\tat com.microsoft.playwright.impl.Connection.dispatch(Connection.java:257)\n\tat com.microsoft.playwright.impl.Connection.processOneMessage(Connection.java:209)\n\tat com.microsoft.playwright.impl.ChannelOwner.runUntil(ChannelOwner.java:118)\n\t... 38 more\n"},"stage":"finished","steps":[],"attachments":[],"parameters":[],"start":1707180516597,"stop":1707180529684}